
Showing logs for build [32mcb-kubecd-environment-pr-169-5-4xh9x-1[0m stage [32mfrom-build-pack[0m and container [32mstep-credential-initializer-l8l59[0m
{"level":"warn","ts":1582910775.1790123,"logger":"fallback-logger","caller":"logging/config.go:69","msg":"Fetch GitHub commit ID from kodata failed: \"ref: refs/heads/0.8.0-**-support-backwards-incompats\" is not a valid GitHub commit ID"}
{"level":"info","ts":1582910775.1822634,"logger":"fallback-logger","caller":"creds-init/main.go:40","msg":"Credentials initialized."}

Showing logs for build [32mcb-kubecd-environment-pr-169-5-4xh9x-1[0m stage [32mfrom-build-pack[0m and container [32mstep-working-dir-initializer-zk8rd[0m
{"level":"warn","ts":1582910776.2292306,"logger":"fallback-logger","caller":"logging/config.go:69","msg":"Fetch GitHub commit ID from kodata failed: open /var/run/ko/HEAD: no such file or directory"}
{"level":"info","ts":1582910776.2339227,"logger":"fallback-logger","caller":"bash/main.go:64","msg":"Successfully executed command \"sh -c mkdir -p /workspace/source\"; output "}

Showing logs for build [32mcb-kubecd-environment-pr-169-5-4xh9x-1[0m stage [32mfrom-build-pack[0m and container [32mstep-place-tools[0m

Showing logs for build [32mcb-kubecd-environment-pr-169-5-4xh9x-1[0m stage [32mfrom-build-pack[0m and container [32mstep-git-source-cb-kubecd-environment-pr-169-5-4xh9x-z9kjd[0m
{"level":"warn","ts":1582910782.3817866,"logger":"fallback-logger","caller":"logging/config.go:69","msg":"Fetch GitHub commit ID from kodata failed: \"ref: refs/heads/0.8.0-**-support-backwards-incompats\" is not a valid GitHub commit ID"}
{"level":"info","ts":1582910783.4912386,"logger":"fallback-logger","caller":"git/git.go:103","msg":"Successfully cloned https://github.com/cb-kubecd/environment-pr-169-5-boot-gke-staging.git @ master in path /workspace/source"}

Showing logs for build [32mcb-kubecd-environment-pr-169-5-4xh9x-1[0m stage [32mfrom-build-pack[0m and container [32mstep-git-merge[0m
Using SHAs from PULL_REFS=master:28b992768d6109f5c01a095dc78647cbd642c5c5,5:1ac95ec42ebe05ef2818e248047913f4c191c78a
DEBUG: LC_ALL=C JX_LOG_LEVEL=error git fetch origin --unshallow 1ac95ec42ebe05ef2818e248047913f4c191c78a: 28b992768d6109f5c01a095dc78647cbd642c5c5:
DEBUG: ran git fetch --unshallow origin 1ac95ec42ebe05ef2818e248047913f4c191c78a: 28b992768d6109f5c01a095dc78647cbd642c5c5: in 
DEBUG: LC_ALL=C JX_LOG_LEVEL=error git branch
DEBUG: LC_ALL=C JX_LOG_LEVEL=error git checkout master
DEBUG: ran git checkout master in 
DEBUG: JX_LOG_LEVEL=error LC_ALL=C git reset --hard 28b992768d6109f5c01a095dc78647cbd642c5c5
DEBUG: ran git reset --hard 28b992768d6109f5c01a095dc78647cbd642c5c5 in 
DEBUG: LC_ALL=C JX_LOG_LEVEL=error git clean -fd .
DEBUG: ran clean --force -d . in 
DEBUG: LC_ALL=C JX_LOG_LEVEL=error git merge 1ac95ec42ebe05ef2818e248047913f4c191c78a
DEBUG: ran git merge 1ac95ec42ebe05ef2818e248047913f4c191c78a in 
DEBUG: LC_ALL=C JX_LOG_LEVEL=error git log --format=%H%x1f%an%x1f%ae%x1f%cn%x1f%ce%x1f%s%n%b%x1e 28b992768d6109f5c01a095dc78647cbd642c5c5..HEAD
Merged SHA 1ac95ec42ebe05ef2818e248047913f4c191c78a with commit message 'chore: Promote bdd-nh-import-1582910637 to version 0.0.1' into base branch master

Showing logs for build [32mcb-kubecd-environment-pr-169-5-4xh9x-1[0m stage [32mfrom-build-pack[0m and container [32mstep-build-helm-build[0m
WARNING: No $CHART_REPOSITORY defined so using the default value of: http://jenkins-x-chartmuseum:8080
Adding missing Helm repo: storage.googleapis.com https://storage.googleapis.com/chartmuseum.jenkins-x.io
WARNING: No secrets found on "helm/repos" due: reading the secret "helm/repos" from vault: no secret "helm/repos" not found in vault
Read credentials for https://storage.googleapis.com/chartmuseum.jenkins-x.io from vault helm/repos
Successfully added Helm repository storage.googleapis.com.
Adding missing Helm repo: jenkins-x-chartmuseum http://jenkins-x-chartmuseum:8080
WARNING: No secrets found on "helm/repos" due: reading the secret "helm/repos" from vault: no secret "helm/repos" not found in vault
Read credentials for http://jenkins-x-chartmuseum:8080 from vault helm/repos
Successfully added Helm repository jenkins-x-chartmuseum.
WARNING: No $CHART_REPOSITORY defined so using the default value of: http://jenkins-x-chartmuseum:8080
Adding missing Helm repo: chartmuseum.jenkins-x.io http://chartmuseum.jenkins-x.io
WARNING: No secrets found on "helm/repos" due: reading the secret "helm/repos" from vault: no secret "helm/repos" not found in vault
Read credentials for http://chartmuseum.jenkins-x.io from vault helm/repos
Successfully added Helm repository chartmuseum.jenkins-x.io.
