
Showing logs for build [32mcb-kubecd-environment-pr-169-5-vqfw5-1[0m stage [32mfrom-build-pack[0m and container [32mstep-credential-initializer-x8wmf[0m
{"level":"warn","ts":1582911298.6604872,"logger":"fallback-logger","caller":"logging/config.go:69","msg":"Fetch GitHub commit ID from kodata failed: \"ref: refs/heads/0.8.0-**-support-backwards-incompats\" is not a valid GitHub commit ID"}
{"level":"info","ts":1582911298.6623712,"logger":"fallback-logger","caller":"creds-init/main.go:40","msg":"Credentials initialized."}

Showing logs for build [32mcb-kubecd-environment-pr-169-5-vqfw5-1[0m stage [32mfrom-build-pack[0m and container [32mstep-working-dir-initializer-48vjl[0m
{"level":"warn","ts":1582911299.51742,"logger":"fallback-logger","caller":"logging/config.go:69","msg":"Fetch GitHub commit ID from kodata failed: open /var/run/ko/HEAD: no such file or directory"}
{"level":"info","ts":1582911299.5217586,"logger":"fallback-logger","caller":"bash/main.go:64","msg":"Successfully executed command \"sh -c mkdir -p /workspace/source\"; output "}

Showing logs for build [32mcb-kubecd-environment-pr-169-5-vqfw5-1[0m stage [32mfrom-build-pack[0m and container [32mstep-place-tools[0m

Showing logs for build [32mcb-kubecd-environment-pr-169-5-vqfw5-1[0m stage [32mfrom-build-pack[0m and container [32mstep-git-source-cb-kubecd-environment-pr-169-5-vqfw5-j2tmk[0m
{"level":"warn","ts":1582911305.9893553,"logger":"fallback-logger","caller":"logging/config.go:69","msg":"Fetch GitHub commit ID from kodata failed: \"ref: refs/heads/0.8.0-**-support-backwards-incompats\" is not a valid GitHub commit ID"}
{"level":"info","ts":1582911307.144931,"logger":"fallback-logger","caller":"git/git.go:103","msg":"Successfully cloned https://github.com/cb-kubecd/environment-pr-169-5-boot-gke-staging.git @ master in path /workspace/source"}

Showing logs for build [32mcb-kubecd-environment-pr-169-5-vqfw5-1[0m stage [32mfrom-build-pack[0m and container [32mstep-git-merge[0m
Using SHAs from PULL_REFS=master:e5cddfb2f078060630b8491ab5c83c0fffb79c73,6:693df1a1c0453b3102c96ef1ae5343ad2e1cf3dc
DEBUG: LC_ALL=C JX_LOG_LEVEL=error git fetch origin --unshallow 693df1a1c0453b3102c96ef1ae5343ad2e1cf3dc: e5cddfb2f078060630b8491ab5c83c0fffb79c73:
DEBUG: ran git fetch --unshallow origin 693df1a1c0453b3102c96ef1ae5343ad2e1cf3dc: e5cddfb2f078060630b8491ab5c83c0fffb79c73: in 
DEBUG: JX_LOG_LEVEL=error LC_ALL=C git branch
DEBUG: LC_ALL=C JX_LOG_LEVEL=error git checkout master
DEBUG: ran git checkout master in 
DEBUG: LC_ALL=C JX_LOG_LEVEL=error git reset --hard e5cddfb2f078060630b8491ab5c83c0fffb79c73
DEBUG: ran git reset --hard e5cddfb2f078060630b8491ab5c83c0fffb79c73 in 
DEBUG: LC_ALL=C JX_LOG_LEVEL=error git clean -fd .
DEBUG: ran clean --force -d . in 
DEBUG: LC_ALL=C JX_LOG_LEVEL=error git merge 693df1a1c0453b3102c96ef1ae5343ad2e1cf3dc
DEBUG: ran git merge 693df1a1c0453b3102c96ef1ae5343ad2e1cf3dc in 
DEBUG: JX_LOG_LEVEL=error LC_ALL=C git log --format=%H%x1f%an%x1f%ae%x1f%cn%x1f%ce%x1f%s%n%b%x1e e5cddfb2f078060630b8491ab5c83c0fffb79c73..HEAD
Merged SHA 693df1a1c0453b3102c96ef1ae5343ad2e1cf3dc with commit message 'chore: Promote bdd-sbrp-import-1582910637 to version 0.0.1' into base branch master

Showing logs for build [32mcb-kubecd-environment-pr-169-5-vqfw5-1[0m stage [32mfrom-build-pack[0m and container [32mstep-build-helm-build[0m
WARNING: No $CHART_REPOSITORY defined so using the default value of: http://jenkins-x-chartmuseum:8080
Adding missing Helm repo: storage.googleapis.com https://storage.googleapis.com/chartmuseum.jenkins-x.io
WARNING: No secrets found on "helm/repos" due: reading the secret "helm/repos" from vault: no secret "helm/repos" not found in vault
Read credentials for https://storage.googleapis.com/chartmuseum.jenkins-x.io from vault helm/repos
Successfully added Helm repository storage.googleapis.com.
Adding missing Helm repo: jenkins-x-chartmuseum http://jenkins-x-chartmuseum:8080
WARNING: No secrets found on "helm/repos" due: reading the secret "helm/repos" from vault: no secret "helm/repos" not found in vault
Read credentials for http://jenkins-x-chartmuseum:8080 from vault helm/repos
Successfully added Helm repository jenkins-x-chartmuseum.
WARNING: No $CHART_REPOSITORY defined so using the default value of: http://jenkins-x-chartmuseum:8080
Adding missing Helm repo: chartmuseum.jenkins-x.io http://chartmuseum.jenkins-x.io
WARNING: No secrets found on "helm/repos" due: reading the secret "helm/repos" from vault: no secret "helm/repos" not found in vault
Read credentials for http://chartmuseum.jenkins-x.io from vault helm/repos
Successfully added Helm repository chartmuseum.jenkins-x.io.
